# JRE version: Java(TM) SE Runtime Environment (8.0_333-b02) (build 1.8.0_333-b02)
# Java VM: Java HotSpot(TM) 64-Bit Server VM (25.333-b02 mixed mode windows-amd64 compressed oops)
Heap:
 PSYoungGen      total 305664K, used 97932K [0x00000000eab00000, 0x0000000100000000, 0x0000000100000000)
  eden space 262144K, 29% used [0x00000000eab00000,0x00000000ef719d80,0x00000000fab00000)
  from space 43520K, 45% used [0x00000000fd580000,0x00000000fe9093e8,0x0000000100000000)
  to   space 43520K, 0% used [0x00000000fab00000,0x00000000fab00000,0x00000000fd580000)
 ParOldGen       total 699392K, used 32882K [0x00000000c0000000, 0x00000000eab00000, 0x00000000eab00000)
  object space 699392K, 4% used [0x00000000c0000000,0x00000000c201c998,0x00000000eab00000)
 Metaspace       used 75820K, capacity 88571K, committed 88872K, reserved 1126400K
  class space    used 10948K, capacity 11715K, committed 11816K, reserved 1048576K
GC Heap History (10 events):
Event: 3.054 GC heap before
{Heap before GC invocations=3 (full 1):
 PSYoungGen      total 305664K, used 80042K [0x00000000eab00000, 0x0000000100000000, 0x0000000100000000)
  eden space 262144K, 30% used [0x00000000eab00000,0x00000000ef92ab80,0x00000000fab00000)
  from space 43520K, 0% used [0x00000000fab00000,0x00000000fab00000,0x00000000fd580000)
  to   space 43520K, 0% used [0x00000000fd580000,0x00000000fd580000,0x0000000100000000)
 ParOldGen       total 699392K, used 12277K [0x00000000c0000000, 0x00000000eab00000, 0x00000000eab00000)
  object space 699392K, 1% used [0x00000000c0000000,0x00000000c0bfd488,0x00000000eab00000)
 Metaspace       used 33526K, capacity 35413K, committed 35496K, reserved 1081344K
  class space    used 4235K, capacity 4488K, committed 4520K, reserved 1048576K
Event: 3.068 GC heap after
Heap after GC invocations=3 (full 1):
 PSYoungGen      total 305664K, used 11940K [0x00000000eab00000, 0x0000000100000000, 0x0000000100000000)
  eden space 262144K, 0% used [0x00000000eab00000,0x00000000eab00000,0x00000000fab00000)
  from space 43520K, 27% used [0x00000000fd580000,0x00000000fe129280,0x0000000100000000)
  to   space 43520K, 0% used [0x00000000fab00000,0x00000000fab00000,0x00000000fd580000)
 ParOldGen       total 699392K, used 12285K [0x00000000c0000000, 0x00000000eab00000, 0x00000000eab00000)
  object space 699392K, 1% used [0x00000000c0000000,0x00000000c0bff488,0x00000000eab00000)
 Metaspace       used 33526K, capacity 35413K, committed 35496K, reserved 1081344K
  class space    used 4235K, capacity 4488K, committed 4520K, reserved 1048576K
}
Event: 3.068 GC heap before
{Heap before GC invocations=4 (full 2):
 PSYoungGen      total 305664K, used 11940K [0x00000000eab00000, 0x0000000100000000, 0x0000000100000000)
  eden space 262144K, 0% used [0x00000000eab00000,0x00000000eab00000,0x00000000fab00000)
  from space 43520K, 27% used [0x00000000fd580000,0x00000000fe129280,0x0000000100000000)
  to   space 43520K, 0% used [0x00000000fab00000,0x00000000fab00000,0x00000000fd580000)
 ParOldGen       total 699392K, used 12285K [0x00000000c0000000, 0x00000000eab00000, 0x00000000eab00000)
  object space 699392K, 1% used [0x00000000c0000000,0x00000000c0bff488,0x00000000eab00000)
 Metaspace       used 33526K, capacity 35413K, committed 35496K, reserved 1081344K
  class space    used 4235K, capacity 4488K, committed 4520K, reserved 1048576K
Event: 3.115 GC heap after
Heap after GC invocations=4 (full 2):
 PSYoungGen      total 305664K, used 0K [0x00000000eab00000, 0x0000000100000000, 0x0000000100000000)
  eden space 262144K, 0% used [0x00000000eab00000,0x00000000eab00000,0x00000000fab00000)
  from space 43520K, 0% used [0x00000000fd580000,0x00000000fd580000,0x0000000100000000)
  to   space 43520K, 0% used [0x00000000fab00000,0x00000000fab00000,0x00000000fd580000)
 ParOldGen       total 699392K, used 14802K [0x00000000c0000000, 0x00000000eab00000, 0x00000000eab00000)
  object space 699392K, 2% used [0x00000000c0000000,0x00000000c0e749c0,0x00000000eab00000)
 Metaspace       used 33523K, capacity 35407K, committed 35496K, reserved 1081344K
  class space    used 4234K, capacity 4487K, committed 4520K, reserved 1048576K
}
Event: 5.381 GC heap before
{Heap before GC invocations=5 (full 2):
 PSYoungGen      total 305664K, used 159588K [0x00000000eab00000, 0x0000000100000000, 0x0000000100000000)
  eden space 262144K, 60% used [0x00000000eab00000,0x00000000f46d9390,0x00000000fab00000)
  from space 43520K, 0% used [0x00000000fd580000,0x00000000fd580000,0x0000000100000000)
  to   space 43520K, 0% used [0x00000000fab00000,0x00000000fab00000,0x00000000fd580000)
 ParOldGen       total 699392K, used 14802K [0x00000000c0000000, 0x00000000eab00000, 0x00000000eab00000)
  object space 699392K, 2% used [0x00000000c0000000,0x00000000c0e749c0,0x00000000eab00000)
 Metaspace       used 53073K, capacity 59135K, committed 59160K, reserved 1101824K
  class space    used 7130K, capacity 7567K, committed 7592K, reserved 1048576K
Event: 5.419 GC heap after
Heap after GC invocations=5 (full 2):
 PSYoungGen      total 305664K, used 27767K [0x00000000eab00000, 0x0000000100000000, 0x0000000100000000)
  eden space 262144K, 0% used [0x00000000eab00000,0x00000000eab00000,0x00000000fab00000)
  from space 43520K, 63% used [0x00000000fab00000,0x00000000fc61dd80,0x00000000fd580000)
  to   space 43520K, 0% used [0x00000000fd580000,0x00000000fd580000,0x0000000100000000)
 ParOldGen       total 699392K, used 14810K [0x00000000c0000000, 0x00000000eab00000, 0x00000000eab00000)
  object space 699392K, 2% used [0x00000000c0000000,0x00000000c0e769c0,0x00000000eab00000)
 Metaspace       used 53073K, capacity 59135K, committed 59160K, reserved 1101824K
  class space    used 7130K, capacity 7567K, committed 7592K, reserved 1048576K
}
Event: 5.419 GC heap before
{Heap before GC invocations=6 (full 3):
 PSYoungGen      total 305664K, used 27767K [0x00000000eab00000, 0x0000000100000000, 0x0000000100000000)
  eden space 262144K, 0% used [0x00000000eab00000,0x00000000eab00000,0x00000000fab00000)
  from space 43520K, 63% used [0x00000000fab00000,0x00000000fc61dd80,0x00000000fd580000)
  to   space 43520K, 0% used [0x00000000fd580000,0x00000000fd580000,0x0000000100000000)
 ParOldGen       total 699392K, used 14810K [0x00000000c0000000, 0x00000000eab00000, 0x00000000eab00000)
  object space 699392K, 2% used [0x00000000c0000000,0x00000000c0e769c0,0x00000000eab00000)
 Metaspace       used 53073K, capacity 59135K, committed 59160K, reserved 1101824K
  class space    used 7130K, capacity 7567K, committed 7592K, reserved 1048576K
Event: 5.552 GC heap after
Heap after GC invocations=6 (full 3):
 PSYoungGen      total 305664K, used 0K [0x00000000eab00000, 0x0000000100000000, 0x0000000100000000)
  eden space 262144K, 0% used [0x00000000eab00000,0x00000000eab00000,0x00000000fab00000)
  from space 43520K, 0% used [0x00000000fab00000,0x00000000fab00000,0x00000000fd580000)
  to   space 43520K, 0% used [0x00000000fd580000,0x00000000fd580000,0x0000000100000000)
 ParOldGen       total 699392K, used 32794K [0x00000000c0000000, 0x00000000eab00000, 0x00000000eab00000)
  object space 699392K, 4% used [0x00000000c0000000,0x00000000c2006988,0x00000000eab00000)
 Metaspace       used 53073K, capacity 59135K, committed 59160K, reserved 1101824K
  class space    used 7130K, capacity 7567K, committed 7592K, reserved 1048576K
}
Event: 13.308 GC heap before
{Heap before GC invocations=7 (full 3):
 PSYoungGen      total 305664K, used 262144K [0x00000000eab00000, 0x0000000100000000, 0x0000000100000000)
  eden space 262144K, 100% used [0x00000000eab00000,0x00000000fab00000,0x00000000fab00000)
  from space 43520K, 0% used [0x00000000fab00000,0x00000000fab00000,0x00000000fd580000)
  to   space 43520K, 0% used [0x00000000fd580000,0x00000000fd580000,0x0000000100000000)
 ParOldGen       total 699392K, used 32794K [0x00000000c0000000, 0x00000000eab00000, 0x00000000eab00000)
  object space 699392K, 4% used [0x00000000c0000000,0x00000000c2006988,0x00000000eab00000)
 Metaspace       used 75108K, capacity 87765K, committed 87976K, reserved 1126400K
  class space    used 10881K, capacity 11653K, committed 11688K, reserved 1048576K
Event: 13.458 GC heap after
Heap after GC invocations=7 (full 3):
 PSYoungGen      total 305664K, used 20004K [0x00000000eab00000, 0x0000000100000000, 0x0000000100000000)
  eden space 262144K, 0% used [0x00000000eab00000,0x00000000eab00000,0x00000000fab00000)
  from space 43520K, 45% used [0x00000000fd580000,0x00000000fe9093e8,0x0000000100000000)
  to   space 43520K, 0% used [0x00000000fab00000,0x00000000fab00000,0x00000000fd580000)
 ParOldGen       total 699392K, used 32882K [0x00000000c0000000, 0x00000000eab00000, 0x00000000eab00000)
  object space 699392K, 4% used [0x00000000c0000000,0x00000000c201c998,0x00000000eab00000)
 Metaspace       used 75108K, capacity 87765K, committed 87976K, reserved 1126400K
  class space    used 10881K, capacity 11653K, committed 11688K, reserved 1048576K
}

